C51 COMPILER V9.60.0.0   MAIN                                                              03/14/2026 16:58:57 PAGE 1   


C51 COMPILER V9.60.0.0, COMPILATION OF MODULE MAIN
OBJECT MODULE PLACED IN .\Objects\main.obj
COMPILER INVOKED BY: D:\SOFTWAREs\Keilv5_C51\C51\BIN\C51.EXE main.c OPTIMIZE(8,SPEED) BROWSE DEBUG OBJECTEXTEND PRINT(.\
                    -Listings\main.lst) TABS(2) OBJECT(.\Objects\main.obj)

line level    source

   1          #include "stc8g.h"    
   2          #include "intrins.h" 
   3          #include "stdio.h"    
   4          
   5          typedef unsigned char u8;
   6          typedef unsigned int u16;
   7          
   8          sbit SW = P3^2;
   9          sbit BTM = P3^3;
  10          
  11          u8 idle[] = {0xAA,0x06,0x00,0x9F,0x02,0x02,0x3C,0xC5};
  12          u8 wash[] = {0xAA,0x06,0x01,0x98,0x02,0x02,0xB2,0x0A};
  13          u8 dry[]  = {0xAA,0x06,0x01,0x98,0x04,0x00,0x75,0x03};
  14          
  15          
  16          
  17          void delay_ms(u16 ms)
  18          {
  19   1          u16 i, j;
  20   1          for(i = 0; i < ms; i++)
  21   1          {
  22   2              for(j = 0; j < 1575; j++);
  23   2          }
  24   1      }
  25          
  26          void UartInit(void)
  27          {
  28   1          SCON = 0x50;    // 0101 0000
  29   1          AUXR |= 0x40;   // set x1xx xxxx set TIM1 speed 1T.
  30   1          AUXR &= 0xFE;   // set xxxx xxx0  set TIM1 as bitrate generater.
  31   1          TMOD &= 0x0F;   // set 0000 xxxx reset TIM1;set TIM1 as timer
  32   1          TMOD |= 0x20;   // set xx1x xxxx as 8bit autoload.
  33   1      //    PCON |= 0x80;   // set 1xxx xxxx doublize bitrate.
  34   1          PCON &= 0x7f;   // set 0xxx xxxx normal bitrate.
  35   1          ET1 = 0;        // disable TimInt.
  36   1          TR1 = 1;        // Enable Timer
  37   1          TI = 1;         // send flag.should be clear when receive.
  38   1        
  39   1      //    TH1=0xDC; // 9600
  40   1      //    TL1=0xDC;
  41   1        
  42   1          TH1=0x70; // 2400
  43   1          TL1=0x70;
  44   1      }
  45          
  46          void Int1_Init(void)
  47          {
  48   1          IT1 = 1;  // 0=low vol trigger,1=fall edge trigger
  49   1          EX1 = 1;  // Enable Int1
  50   1          EA = 1;   // Enable Int
  51   1      }
  52          
  53          void send_byte(u8 byte)
  54          {
C51 COMPILER V9.60.0.0   MAIN                                                              03/14/2026 16:58:57 PAGE 2   

  55   1          SBUF = byte;
  56   1          while(!TI);
  57   1          TI = 0;
  58   1      }
  59          
  60          void usart_sendarry(u8 a[],u8 num){
  61   1        u8 i;
  62   1        for(i=0;i<num;i++){
  63   2          send_byte(a[i]);
  64   2        }
  65   1      }
  66          
  67          void main() {
  68   1          BTM = 1;
  69   1          SW = 1;
  70   1          UartInit();
  71   1          Int1_Init();
  72   1          
  73   1          printf("hello");
  74   1          while(1){
  75   2            usart_sendarry(idle,8);
  76   2            
  77   2            delay_ms(1000); 
  78   2          }     
  79   1          
  80   1      }
  81          
  82          void ExtInt2_ISR(void) interrupt 2
  83          {
  84   1          delay_ms(10);  
  85   1          if(BTM == 0){
  86   2            if(SW == 0)
  87   2              usart_sendarry(wash,8);
  88   2            else
  89   2              usart_sendarry(dry,8);
  90   2            while(BTM == 0);  
  91   2          }
  92   1      }


MODULE INFORMATION:   STATIC OVERLAYABLE
   CODE SIZE        =    237    ----
   CONSTANT SIZE    =      6    ----
   XDATA SIZE       =   ----    ----
   PDATA SIZE       =   ----    ----
   DATA SIZE        =     24       3
   IDATA SIZE       =   ----    ----
   BIT SIZE         =   ----    ----
END OF MODULE INFORMATION.


C51 COMPILATION COMPLETE.  0 WARNING(S),  0 ERROR(S)
